<?xml version="1.0" encoding="UTF-8" ?>
<testsuite errors="0" failures="0" hostname="LAPTOP-7KGKHB5T" name="com.allendowney.thinkdast.MyArrayListTest" skipped="0" tests="20" time="0.542" timestamp="2020-09-03T14:40:46">
  <properties>
    <property name="java.vendor" value="Oracle Corporation" />
    <property name="env.USERDOMAIN_ROAMINGPROFILE" value="LAPTOP-7KGKHB5T" />
    <property name="sun.java.launcher" value="SUN_STANDARD" />
    <property name="sun.management.compiler" value="HotSpot 64-Bit Tiered Compilers" />
    <property name="env.PROMPT" value="$P$G" />
    <property name="env.DriverData" value="C:\Windows\System32\Drivers\DriverData" />
    <property name="os.name" value="Windows 10" />
    <property name="sun.boot.class.path" value="C:\Program Files\Java\jdk1.8.0_241\jre\lib\resources.jar;C:\Program Files\Java\jdk1.8.0_241\jre\lib\rt.jar;C:\Program Files\Java\jdk1.8.0_241\jre\lib\sunrsasign.jar;C:\Program Files\Java\jdk1.8.0_241\jre\lib\jsse.jar;C:\Program Files\Java\jdk1.8.0_241\jre\lib\jce.jar;C:\Program Files\Java\jdk1.8.0_241\jre\lib\charsets.jar;C:\Program Files\Java\jdk1.8.0_241\jre\lib\jfr.jar;C:\Program Files\Java\jdk1.8.0_241\jre\classes" />
    <property name="env.COMPUTERNAME" value="LAPTOP-7KGKHB5T" />
    <property name="env.CommonProgramW6432" value="C:\Program Files\Common Files" />
    <property name="env.ALLUSERSPROFILE" value="C:\ProgramData" />
    <property name="sun.desktop" value="windows" />
    <property name="java.vm.specification.vendor" value="Oracle Corporation" />
    <property name="ant.home" value="C:\apache-ant-1.10.8-bin\apache-ant-1.10.8" />
    <property name="java.runtime.version" value="1.8.0_241-b07" />
    <property name="env.HOMEPATH" value="\Users\Dujeng" />
    <property name="env.RegionCode" value="APJ" />
    <property name="user.name" value="Dujeng" />
    <property name="user.language" value="ko" />
    <property name="sun.boot.library.path" value="C:\Program Files\Java\jdk1.8.0_241\jre\bin" />
    <property name="ant.project.default-target" value="build" />
    <property name="ant.project.name" value="JavaCS" />
    <property name="java.version" value="1.8.0_241" />
    <property name="env.PROCESSOR_IDENTIFIER" value="Intel64 Family 6 Model 61 Stepping 4, GenuineIntel" />
    <property name="env.OnlineServices" value="Online Services" />
    <property name="user.timezone" value="" />
    <property name="env.asl.log" value="Destination=file" />
    <property name="env.TEMP" value="C:\Users\Dujeng\AppData\Local\Temp" />
    <property name="sun.arch.data.model" value="64" />
    <property name="java.endorsed.dirs" value="C:\Program Files\Java\jdk1.8.0_241\jre\lib\endorsed" />
    <property name="env._JAVACMD" value="C:\Program Files\Java\jdk1.8.0_241\bin\java.exe" />
    <property name="sun.cpu.isalist" value="amd64" />
    <property name="env.HOMEDRIVE" value="C:" />
    <property name="sun.jnu.encoding" value="MS949" />
    <property name="file.encoding.pkg" value="sun.io" />
    <property name="file.separator" value="\" />
    <property name="java.specification.name" value="Java Platform API Specification" />
    <property name="java.class.version" value="52.0" />
    <property name="user.country" value="KR" />
    <property name="ant.file.JavaCS" value="C:\Users\Dujeng\Desktop\STUDY\Think_DataStructures\build.xml" />
    <property name="java.home" value="C:\Program Files\Java\jdk1.8.0_241\jre" />
    <property name="env.PSModulePath" value="C:\Program Files\WindowsPowerShell\Modules;C:\WINDOWS\system32\WindowsPowerShell\v1.0\Modules" />
    <property name="env.APPDATA" value="C:\Users\Dujeng\AppData\Roaming" />
    <property name="env.PUBLIC" value="C:\Users\Public" />
    <property name="java.vm.info" value="mixed mode" />
    <property name="env.ComSpec" value="C:\WINDOWS\system32\cmd.exe" />
    <property name="env.OS" value="Windows_NT" />
    <property name="env.CommonProgramFiles" value="C:\Program Files\Common Files" />
    <property name="ant.file" value="C:\Users\Dujeng\Desktop\STUDY\Think_DataStructures\build.xml" />
    <property name="os.version" value="10.0" />
    <property name="env.ProgramW6432" value="C:\Program Files" />
    <property name="env._USE_CLASSPATH" value="yes" />
    <property name="env.=::" value="::\" />
    <property name="path.separator" value=";" />
    <property name="java.vm.version" value="25.241-b07" />
    <property name="user.variant" value="" />
    <property name="env.USERPROFILE" value="C:\Users\Dujeng" />
    <property name="ant.library.dir" value="C:\apache-ant-1.10.8-bin\apache-ant-1.10.8\lib" />
    <property name="junit.output.dir" value="junit" />
    <property name="env.JAVA_HOME" value="C:\Program Files\Java\jdk1.8.0_241" />
    <property name="java.awt.printerjob" value="sun.awt.windows.WPrinterJob" />
    <property name="env.TMP" value="C:\Users\Dujeng\AppData\Local\Temp" />
    <property name="env.FPS_BROWSER_USER_PROFILE_STRING" value="Default" />
    <property name="sun.io.unicode.encoding" value="UnicodeLittle" />
    <property name="awt.toolkit" value="sun.awt.windows.WToolkit" />
    <property name="sun.stdout.encoding" value="ms949" />
    <property name="user.script" value="" />
    <property name="user.home" value="C:\Users\Dujeng" />
    <property name="target" value="1.7" />
    <property name="env.ProgramData" value="C:\ProgramData" />
    <property name="env.ProgramFiles(x86)" value="C:\Program Files (x86)" />
    <property name="env.SESSIONNAME" value="Console" />
    <property name="env.CLASSPATH" value="%classpath%;.;.;." />
    <property name="java.specification.vendor" value="Oracle Corporation" />
    <property name="java.vendor.url" value="http://java.oracle.com/" />
    <property name="env.NUMBER_OF_PROCESSORS" value="4" />
    <property name="java.library.path" value="C:\Program Files\Java\jdk1.8.0_241\jre\bin;C:\WINDOWS\Sun\Java\bin;C:\WINDOWS\system32;C:\WINDOWS;C:\Program Files (x86)\Common Files\Oracle\Java\javapath;C:\Users\Dujeng\Desktop\STUDY\WINDOWS.X64_193000_db_home\bin;C:\Program Files\Python36\Scripts\;C:\Program Files\Python36\;C:\Program Files (x86)\Intel\iCLS Client\;C:\Program Files\Intel\iCLS Client\;C:\WINDOWS\system32;C:\WINDOWS;C:\WINDOWS\System32\Wbem;C:\WINDOWS\System32\WindowsPowerShell\v1.0\;C:\Program Files (x86)\Intel\Intel(R) Management Engine Components\DAL;C:\Program Files\Intel\Intel(R) Management Engine Components\DAL;C:\Program Files (x86)\Intel\Intel(R) Management Engine Components\IPT;C:\Program Files\Intel\Intel(R) Management Engine Components\IPT;C:\Program Files (x86)\Windows Live\Shared;C:\WINDOWS\System32\OpenSSH\;C:\Program Files\Java\jdk1.8.0_241\bin;C:\Program Files\nodejs\;C:\Program Files\Git\cmd;C:\Users\Dujeng\Desktop\STUDY\apache-maven-3.6.3-bin\apache-maven-3.6.3\bin;C:\MinGW\bin;C:\apache-ant-1.10.8-bin\apache-ant-1.10.8\bin;C:\Users\Dujeng\AppData\Local\Microsoft\WindowsApps;C:\Users\Dujeng\AppData\Local\Programs\Microsoft VS Code\bin;C:\Users\Dujeng\AppData\Roaming\npm;C:\MinGW\bin;;." />
    <property name="java.vm.vendor" value="Oracle Corporation" />
    <property name="java.runtime.name" value="Java(TM) SE Runtime Environment" />
    <property name="sun.java.command" value="org.apache.tools.ant.taskdefs.optional.junit.JUnitTestRunner com.allendowney.thinkdast.MyArrayListTest skipNonTests=false filtertrace=true haltOnError=false haltOnFailure=false formatter=org.apache.tools.ant.taskdefs.optional.junit.OutErrSummaryJUnitResultFormatter showoutput=false outputtoformatters=true logfailedtests=true threadid=0 logtestlistenerevents=false formatter=org.apache.tools.ant.taskdefs.optional.junit.XMLJUnitResultFormatter,C:\Users\Dujeng\Desktop\STUDY\Think_DataStructures\junit\TEST-com.allendowney.thinkdast.MyArrayListTest.xml crashfile=C:\Users\Dujeng\Desktop\STUDY\Think_DataStructures\junitvmwatcher5323763884818819247.properties propsfile=C:\Users\Dujeng\Desktop\STUDY\Think_DataStructures\junit4492930735311527029.properties" />
    <property name="ant.version" value="Apache Ant(TM) version 1.10.8 compiled on May 10 2020" />
    <property name="java.class.path" value="C:\Users\Dujeng\Desktop\STUDY\Think_DataStructures\bin;C:\Users\Dujeng\Desktop\STUDY\Think_DataStructures\lib\jedis-2.8.0.jar;C:\Users\Dujeng\Desktop\STUDY\Think_DataStructures\lib\jsoup-1.8.3.jar;C:\Users\Dujeng\Desktop\STUDY\Think_DataStructures\lib\junit-4.12.jar;C:\Users\Dujeng\Desktop\STUDY\Think_DataStructures\lib\hamcrest-core-1.3.jar;C:\Users\Dujeng\Desktop\STUDY\Think_DataStructures\lib\jcommon-1.0.23.jar;C:\Users\Dujeng\Desktop\STUDY\Think_DataStructures\lib\jfreechart-1.0.19.jar;C:\Users\Dujeng\Desktop\STUDY\Think_DataStructures\lib\servlet.jar;C:\Users\Dujeng\Desktop\STUDY\Think_DataStructures\lib\ant-junit.jar;C:\Users\Dujeng\Desktop\STUDY\Think_DataStructures\lib\commons-math3-3.6.jar;C:\Users\Dujeng\Desktop\STUDY\Think_DataStructures\lib\hamcrest-library-1.3.jar;C:\Users\Dujeng\Desktop\STUDY\Think_DataStructures;C:\apache-ant-1.10.8-bin\apache-ant-1.10.8\lib\ant-launcher.jar;C:\apache-ant-1.10.8-bin\apache-ant-1.10.8\lib\ant.jar;C:\apache-ant-1.10.8-bin\apache-ant-1.10.8\lib\ant-junit.jar;C:\apache-ant-1.10.8-bin\apache-ant-1.10.8\lib\ant-junit4.jar" />
    <property name="ant.file.type.JavaCS" value="file" />
    <property name="java.vm.specification.name" value="Java Virtual Machine Specification" />
    <property name="ant.file.type" value="file" />
    <property name="env.windir" value="C:\WINDOWS" />
    <property name="env.LOGONSERVER" value="\\LAPTOP-7KGKHB5T" />
    <property name="env.PROCESSOR_ARCHITECTURE" value="AMD64" />
    <property name="java.vm.specification.version" value="1.8" />
    <property name="sun.os.patch.level" value="" />
    <property name="sun.cpu.endian" value="little" />
    <property name="env.OneDrive" value="C:\Users\Dujeng\OneDrive" />
    <property name="debuglevel" value="source,lines,vars" />
    <property name="env.ProgramFiles" value="C:\Program Files" />
    <property name="env.ANT_HOME" value="C:\apache-ant-1.10.8-bin\apache-ant-1.10.8" />
    <property name="java.io.tmpdir" value="C:\Users\Dujeng\AppData\Local\Temp\" />
    <property name="env.PROCESSOR_REVISION" value="3d04" />
    <property name="env.CommonProgramFiles(x86)" value="C:\Program Files (x86)\Common Files" />
    <property name="java.vendor.url.bug" value="http://bugreport.sun.com/bugreport/" />
    <property name="env.SystemRoot" value="C:\WINDOWS" />
    <property name="env.FPS_BROWSER_APP_PROFILE_STRING" value="Internet Explorer" />
    <property name="java.awt.graphicsenv" value="sun.awt.Win32GraphicsEnvironment" />
    <property name="os.arch" value="amd64" />
    <property name="env.ANT_CMD_LINE_ARGS" value=" MyArrayListTest" />
    <property name="java.ext.dirs" value="C:\Program Files\Java\jdk1.8.0_241\jre\lib\ext;C:\WINDOWS\Sun\Java\lib\ext" />
    <property name="user.dir" value="C:\Users\Dujeng\Desktop\STUDY\Think_DataStructures" />
    <property name="env.LOCALAPPDATA" value="C:\Users\Dujeng\AppData\Local" />
    <property name="env.MAVEN_HOME" value="C:\Users\Dujeng\Desktop\STUDY\apache-maven-3.6.3-bin\apache-maven-3.6.3" />
    <property name="line.separator" value="&#xd;&#xa;" />
    <property name="java.vm.name" value="Java HotSpot(TM) 64-Bit Server VM" />
    <property name="env.PATHEXT" value=".COM;.EXE;.BAT;.CMD;.VBS;.VBE;.JS;.JSE;.WSF;.WSH;.MSC;.PY;.PYW" />
    <property name="env.Path" value="C:\Program Files (x86)\Common Files\Oracle\Java\javapath;C:\Users\Dujeng\Desktop\STUDY\WINDOWS.X64_193000_db_home\bin;C:\Program Files\Python36\Scripts\;C:\Program Files\Python36\;C:\Program Files (x86)\Intel\iCLS Client\;C:\Program Files\Intel\iCLS Client\;C:\WINDOWS\system32;C:\WINDOWS;C:\WINDOWS\System32\Wbem;C:\WINDOWS\System32\WindowsPowerShell\v1.0\;C:\Program Files (x86)\Intel\Intel(R) Management Engine Components\DAL;C:\Program Files\Intel\Intel(R) Management Engine Components\DAL;C:\Program Files (x86)\Intel\Intel(R) Management Engine Components\IPT;C:\Program Files\Intel\Intel(R) Management Engine Components\IPT;C:\Program Files (x86)\Windows Live\Shared;C:\WINDOWS\System32\OpenSSH\;C:\Program Files\Java\jdk1.8.0_241\bin;C:\Program Files\nodejs\;C:\Program Files\Git\cmd;C:\Users\Dujeng\Desktop\STUDY\apache-maven-3.6.3-bin\apache-maven-3.6.3\bin;C:\MinGW\bin;C:\apache-ant-1.10.8-bin\apache-ant-1.10.8\bin;C:\Users\Dujeng\AppData\Local\Microsoft\WindowsApps;C:\Users\Dujeng\AppData\Local\Programs\Microsoft VS Code\bin;C:\Users\Dujeng\AppData\Roaming\npm;C:\MinGW\bin;" />
    <property name="basedir" value="C:\Users\Dujeng\Desktop\STUDY\Think_DataStructures" />
    <property name="ant.java.version" value="1.8" />
    <property name="ant.core.lib" value="C:\apache-ant-1.10.8-bin\apache-ant-1.10.8\lib\ant.jar" />
    <property name="env.USERNAME" value="Dujeng" />
    <property name="env.SystemDrive" value="C:" />
    <property name="source" value="1.7" />
    <property name="file.encoding" value="MS949" />
    <property name="sun.stderr.encoding" value="ms949" />
    <property name="env.USERDOMAIN" value="LAPTOP-7KGKHB5T" />
    <property name="env.platformcode" value="KV" />
    <property name="java.specification.version" value="1.8" />
    <property name="env.=C:" value="C:\Users\Dujeng\Desktop\STUDY\Think_DataStructures" />
    <property name="ant.project.invoked-targets" value="MyArrayListTest" />
    <property name="env.PROCESSOR_LEVEL" value="6" />
  </properties>
  <testcase classname="com.allendowney.thinkdast.MyArrayListTest" name="testToArray" time="0.02" />
  <testcase classname="com.allendowney.thinkdast.MyArrayListTest" name="testAddIntT" time="0.0" />
  <testcase classname="com.allendowney.thinkdast.MyArrayListTest" name="testGet" time="0.0" />
  <testcase classname="com.allendowney.thinkdast.MyArrayListTest" name="testSet" time="0.0" />
  <testcase classname="com.allendowney.thinkdast.MyArrayListTest" name="testAddAllCollectionOfQextendsT" time="0.0" />
  <testcase classname="com.allendowney.thinkdast.MyArrayListTest" name="testClear" time="0.001" />
  <testcase classname="com.allendowney.thinkdast.MyArrayListTest" name="testAddT" time="0.0" />
  <testcase classname="com.allendowney.thinkdast.MyArrayListTest" name="testSize" time="0.002" />
  <testcase classname="com.allendowney.thinkdast.MyArrayListTest" name="testLastIndexOf" time="0.0" />
  <testcase classname="com.allendowney.thinkdast.MyArrayListTest" name="testContainsAll" time="0.001" />
  <testcase classname="com.allendowney.thinkdast.MyArrayListTest" name="testRemoveObject" time="0.0" />
  <testcase classname="com.allendowney.thinkdast.MyArrayListTest" name="testContains" time="0.0" />
  <testcase classname="com.allendowney.thinkdast.MyArrayListTest" name="testIndexOfNull" time="0.0" />
  <testcase classname="com.allendowney.thinkdast.MyArrayListTest" name="testIndexOf" time="0.0" />
  <testcase classname="com.allendowney.thinkdast.MyArrayListTest" name="testMyList" time="0.001" />
  <testcase classname="com.allendowney.thinkdast.MyArrayListTest" name="testIsEmpty" time="0.002" />
  <testcase classname="com.allendowney.thinkdast.MyArrayListTest" name="testIterator" time="0.0" />
  <testcase classname="com.allendowney.thinkdast.MyArrayListTest" name="testRemoveAll" time="0.0" />
  <testcase classname="com.allendowney.thinkdast.MyArrayListTest" name="testRemoveInt" time="0.0" />
  <testcase classname="com.allendowney.thinkdast.MyArrayListTest" name="testSubList" time="0.0" />
  <system-out><![CDATA[]]></system-out>
  <system-err><![CDATA[]]></system-err>
</testsuite>
